<?xml version="1.0" encoding="UTF-8"?>
<!-- Generated by org.testng.reporters.JUnitReportReporter -->
<testsuite hostname="AnbuPC" failures="5" tests="40" name="api.TestRunner.TestRunner" time="13.736" errors="1" timestamp="2024-11-25T00:07:04 EST" skipped="0">
  <testcase classname="api.TestRunner.TestRunner" name="runScenario" time="0.233"/>
  <testcase classname="api.TestRunner.TestRunner" name="runScenario" time="0.171">
    <failure message="expected [200] but found [400]" type="java.lang.AssertionError">
      <![CDATA[java.lang.AssertionError: expected [200] but found [400]
at org.testng.Assert.fail(Assert.java:111)
at org.testng.Assert.failNotEquals(Assert.java:1578)
at org.testng.Assert.assertEqualsImpl(Assert.java:150)
at org.testng.Assert.assertEquals(Assert.java:132)
at org.testng.Assert.assertEquals(Assert.java:1419)
at org.testng.Assert.assertEquals(Assert.java:1383)
at org.testng.Assert.assertEquals(Assert.java:1429)
at api.Request.BatchModuleRequest.updateBybatchIdValidation(BatchModuleRequest.java:148)
at api.StepDefinitions.BatchModuleSteps.admin_receives_status_code_with_response_message_for_update_by_batch_id_request(BatchModuleSteps.java:151)
at ✽.Admin receives status code with response message for UpdateByBatchID request "200"(file:///C:/Users/anbum/OneDrive/Desktop/Anbu/LMS_Phase2_RestAssured/LMS_GIT/Team04_APIAvengers_LMSHackathon/src/test/resources/features/03batchModule/batchModule.feature:113)
]]>
    </failure>
  </testcase> <!-- runScenario -->
  <testcase classname="api.TestRunner.TestRunner" name="runScenario" time="0.199"/>
  <testcase classname="api.TestRunner.TestRunner" name="runScenario" time="0.195"/>
  <testcase classname="api.TestRunner.TestRunner" name="runScenario" time="0.236"/>
  <testcase classname="api.TestRunner.TestRunner" name="runScenario" time="0.186"/>
  <testcase classname="api.TestRunner.TestRunner" name="runScenario" time="0.251"/>
  <testcase classname="api.TestRunner.TestRunner" name="runScenario" time="0.228"/>
  <testcase classname="api.TestRunner.TestRunner" name="runScenario" time="0.235">
    <failure message="expected [8722] but found [8671]" type="java.lang.AssertionError">
      <![CDATA[java.lang.AssertionError: expected [8722] but found [8671]
at org.testng.Assert.fail(Assert.java:111)
at org.testng.Assert.failNotEquals(Assert.java:1578)
at org.testng.Assert.assertEqualsImpl(Assert.java:150)
at org.testng.Assert.assertEquals(Assert.java:132)
at org.testng.Assert.assertEquals(Assert.java:1419)
at org.testng.Assert.assertEquals(Assert.java:1459)
at api.Request.BatchModuleRequest.updateBybatchIdValidation(BatchModuleRequest.java:156)
at api.StepDefinitions.BatchModuleSteps.admin_receives_status_code_with_response_message_for_update_by_batch_id_request(BatchModuleSteps.java:151)
at ✽.Admin receives status code with response message for UpdateByBatchID request "200"(file:///C:/Users/anbum/OneDrive/Desktop/Anbu/LMS_Phase2_RestAssured/LMS_GIT/Team04_APIAvengers_LMSHackathon/src/test/resources/features/03batchModule/batchModule.feature:113)
]]>
    </failure>
  </testcase> <!-- runScenario -->
  <testcase classname="api.TestRunner.TestRunner" name="runScenario" time="0.209"/>
  <testcase classname="api.TestRunner.TestRunner" name="runScenario" time="0.258"/>
  <testcase classname="api.TestRunner.TestRunner" name="runScenario" time="0.269"/>
  <testcase classname="api.TestRunner.TestRunner" name="runScenario" time="0.198"/>
  <testcase classname="api.TestRunner.TestRunner" name="runScenario" time="0.593"/>
  <testcase classname="api.TestRunner.TestRunner" name="runScenario" time="0.173"/>
  <testcase classname="api.TestRunner.TestRunner" name="runScenario" time="0.171"/>
  <testcase classname="api.TestRunner.TestRunner" name="runScenario" time="0.265"/>
  <testcase classname="api.TestRunner.TestRunner" name="runScenario" time="1.746"/>
  <testcase classname="api.TestRunner.TestRunner" name="runScenario" time="0.217">
    <error message="For input string: &quot;[16401, 16401, 16401, 16401, 16401, 16401, 16401, 16401, 16401, 16401, 16401, 16401, 16401, 16401, 16401, 16401, 16401, 16401, 16401, 16401, 16401]&quot;" type="java.lang.NumberFormatException">
      <![CDATA[java.lang.NumberFormatException: For input string: "[16401, 16401, 16401, 16401, 16401, 16401, 16401, 16401, 16401, 16401, 16401, 16401, 16401, 16401, 16401, 16401, 16401, 16401, 16401, 16401, 16401]"
at java.base/java.lang.NumberFormatException.forInputString(NumberFormatException.java:67)
at java.base/java.lang.Integer.parseInt(Integer.java:668)
at java.base/java.lang.Integer.parseInt(Integer.java:786)
at java_lang_Integer$parseInt.call(Unknown Source)
at org.codehaus.groovy.runtime.callsite.CallSiteArray.defaultCall(CallSiteArray.java:45)
at org.codehaus.groovy.runtime.callsite.AbstractCallSite.call(AbstractCallSite.java:125)
at org.codehaus.groovy.runtime.callsite.AbstractCallSite.call(AbstractCallSite.java:139)
at io.restassured.internal.common.path.ObjectConverter.convertObjectTo(ObjectConverter.groovy:29)
at io.restassured.path.json.JsonPath.getInt(JsonPath.java:245)
at api.Request.BatchModuleRequest.getBatchByProgramIDvalidation(BatchModuleRequest.java:230)
at api.StepDefinitions.BatchModuleSteps.admin_receives_status_code_with_response_body_get_by_program_id(BatchModuleSteps.java:114)
at ✽.Admin receives status code with response body GetBy ProgramID "200"(file:///C:/Users/anbum/OneDrive/Desktop/Anbu/LMS_Phase2_RestAssured/LMS_GIT/Team04_APIAvengers_LMSHackathon/src/test/resources/features/03batchModule/batchModule.feature:81)
]]>
    </error>
  </testcase> <!-- runScenario -->
  <testcase classname="api.TestRunner.TestRunner" name="runScenario" time="0.156"/>
  <testcase classname="api.TestRunner.TestRunner" name="runScenario" time="0.288"/>
  <testcase classname="api.TestRunner.TestRunner" name="runScenario" time="0.193"/>
  <testcase classname="api.TestRunner.TestRunner" name="runScenario" time="0.233"/>
  <testcase classname="api.TestRunner.TestRunner" name="runScenario" time="0.189"/>
  <testcase classname="api.TestRunner.TestRunner" name="runScenario" time="3.453"/>
  <testcase classname="api.TestRunner.TestRunner" name="runScenario" time="0.204"/>
  <testcase classname="api.TestRunner.TestRunner" name="runScenario" time="0.206">
    <failure message="expected [BatTest34] but found [Batch29Test]" type="java.lang.AssertionError">
      <![CDATA[java.lang.AssertionError: expected [BatTest34] but found [Batch29Test]
at org.testng.Assert.fail(Assert.java:111)
at org.testng.Assert.failNotEquals(Assert.java:1578)
at org.testng.Assert.assertEqualsImpl(Assert.java:150)
at org.testng.Assert.assertEquals(Assert.java:132)
at org.testng.Assert.assertEquals(Assert.java:656)
at org.testng.Assert.assertEquals(Assert.java:666)
at api.Request.BatchModuleRequest.getByBatchName_MessageValidation(BatchModuleRequest.java:271)
at api.StepDefinitions.BatchModuleSteps.admin_receives_status_code_with_response_body_get_by_batch_name(BatchModuleSteps.java:96)
at ✽.Admin receives status code with response body GetBy BatchName "200"(file:///C:/Users/anbum/OneDrive/Desktop/Anbu/LMS_Phase2_RestAssured/LMS_GIT/Team04_APIAvengers_LMSHackathon/src/test/resources/features/03batchModule/batchModule.feature:64)
]]>
    </failure>
  </testcase> <!-- runScenario -->
  <testcase classname="api.TestRunner.TestRunner" name="runScenario" time="0.196"/>
  <testcase classname="api.TestRunner.TestRunner" name="runScenario" time="0.162"/>
  <testcase classname="api.TestRunner.TestRunner" name="runScenario" time="0.203">
    <failure message="expected [200] but found [404]" type="java.lang.AssertionError">
      <![CDATA[java.lang.AssertionError: expected [200] but found [404]
at org.testng.Assert.fail(Assert.java:111)
at org.testng.Assert.failNotEquals(Assert.java:1578)
at org.testng.Assert.assertEqualsImpl(Assert.java:150)
at org.testng.Assert.assertEquals(Assert.java:132)
at org.testng.Assert.assertEquals(Assert.java:1419)
at org.testng.Assert.assertEquals(Assert.java:1383)
at org.testng.Assert.assertEquals(Assert.java:1429)
at api.Request.BatchModuleRequest.getBybatchIDValidation(BatchModuleRequest.java:240)
at api.StepDefinitions.BatchModuleSteps.admin_receives_status_code_with_response_body_get_by_batch_id(BatchModuleSteps.java:74)
at ✽.Admin receives status code with response body GetBy BatchID "200"(file:///C:/Users/anbum/OneDrive/Desktop/Anbu/LMS_Phase2_RestAssured/LMS_GIT/Team04_APIAvengers_LMSHackathon/src/test/resources/features/03batchModule/batchModule.feature:46)
]]>
    </failure>
  </testcase> <!-- runScenario -->
  <testcase classname="api.TestRunner.TestRunner" name="runScenario" time="0.204">
    <failure message="expected [200] but found [404]" type="java.lang.AssertionError">
      <![CDATA[java.lang.AssertionError: expected [200] but found [404]
at org.testng.Assert.fail(Assert.java:111)
at org.testng.Assert.failNotEquals(Assert.java:1578)
at org.testng.Assert.assertEqualsImpl(Assert.java:150)
at org.testng.Assert.assertEquals(Assert.java:132)
at org.testng.Assert.assertEquals(Assert.java:1419)
at org.testng.Assert.assertEquals(Assert.java:1383)
at org.testng.Assert.assertEquals(Assert.java:1429)
at api.Request.BatchModuleRequest.getBatchByProgramIDvalidation(BatchModuleRequest.java:222)
at api.StepDefinitions.BatchModuleSteps.admin_receives_status_code_with_response_body_get_by_program_id(BatchModuleSteps.java:114)
at ✽.Admin receives status code with response body GetBy ProgramID "200"(file:///C:/Users/anbum/OneDrive/Desktop/Anbu/LMS_Phase2_RestAssured/LMS_GIT/Team04_APIAvengers_LMSHackathon/src/test/resources/features/03batchModule/batchModule.feature:81)
]]>
    </failure>
  </testcase> <!-- runScenario -->
  <testcase classname="api.TestRunner.TestRunner" name="runScenario" time="0.362"/>
  <testcase classname="api.TestRunner.TestRunner" name="runScenario" time="0.159"/>
  <testcase classname="api.TestRunner.TestRunner" name="runScenario" time="0.440"/>
  <testcase classname="api.TestRunner.TestRunner" name="runScenario" time="0.177"/>
  <testcase classname="api.TestRunner.TestRunner" name="runScenario" time="0.177"/>
  <testcase classname="api.TestRunner.TestRunner" name="runScenario" time="0.169"/>
  <testcase classname="api.TestRunner.TestRunner" name="runScenario" time="0.173"/>
  <testcase classname="api.TestRunner.TestRunner" name="runScenario" time="0.176"/>
  <testcase classname="api.TestRunner.TestRunner" name="runScenario" time="0.183"/>
</testsuite> <!-- api.TestRunner.TestRunner -->
