<?xml version="1.0" encoding="UTF-8"?>
<!-- Generated by org.testng.reporters.JUnitReportReporter -->
<testsuite hostname="Anusuyas-MBP.lan" failures="0" tests="1" name="api.TestRunner.TestRunner" time="5.475" errors="0" timestamp="2024-11-20T17:05:48 CST" skipped="0">
  <testcase classname="api.TestRunner.TestRunner" name="runScenario" time="5.475"/>
</testsuite> <!-- api.TestRunner.TestRunner -->
