<?xml version="1.0" encoding="UTF-8"?>
<!-- Generated by org.testng.reporters.JUnitReportReporter -->
<testsuite hostname="AnbuPC" failures="1" tests="11" name="api.TestRunner.TestRunner" time="7.209" errors="0" timestamp="2024-11-21T23:44:26 EST" skipped="0">
  <testcase classname="api.TestRunner.TestRunner" name="runScenario" time="0.270"/>
  <testcase classname="api.TestRunner.TestRunner" name="runScenario" time="0.263"/>
  <testcase classname="api.TestRunner.TestRunner" name="runScenario" time="0.294"/>
  <testcase classname="api.TestRunner.TestRunner" name="runScenario" time="1.449"/>
  <testcase classname="api.TestRunner.TestRunner" name="runScenario" time="0.231"/>
  <testcase classname="api.TestRunner.TestRunner" name="runScenario" time="0.228"/>
  <testcase classname="api.TestRunner.TestRunner" name="runScenario" time="3.324"/>
  <testcase classname="api.TestRunner.TestRunner" name="runScenario" time="0.233"/>
  <testcase classname="api.TestRunner.TestRunner" name="runScenario" time="0.276"/>
  <testcase classname="api.TestRunner.TestRunner" name="runScenario" time="0.354"/>
  <testcase classname="api.TestRunner.TestRunner" name="runScenario" time="0.287">
    <failure message="expected [201] but found [404]" type="java.lang.AssertionError">
      <![CDATA[java.lang.AssertionError: expected [201] but found [404]
at org.testng.Assert.fail(Assert.java:111)
at org.testng.Assert.failNotEquals(Assert.java:1578)
at org.testng.Assert.assertEqualsImpl(Assert.java:150)
at org.testng.Assert.assertEquals(Assert.java:132)
at org.testng.Assert.assertEquals(Assert.java:1419)
at org.testng.Assert.assertEquals(Assert.java:1383)
at org.testng.Assert.assertEquals(Assert.java:1429)
at api.Request.CreateBatchRequest.StatuscodeValidation(CreateBatchRequest.java:85)
at api.StepDefinitions.CreateBatchSteps.admin_receives_respective_status_codes_for_the_test_cases(CreateBatchSteps.java:46)
at âœ½.Admin receives respective status codes "201" for the TestCases(file:///C:/Users/anbum/OneDrive/Desktop/Anbu/LMS_Phase2_RestAssured/LMS_GIT/Team04_APIAvengers_LMSHackathon/src/test/resources/features/03batchModule/batchCreate.feature:13)
]]>
    </failure>
  </testcase> <!-- runScenario -->
</testsuite> <!-- api.TestRunner.TestRunner -->
